#
# There is insufficient memory for the Java Runtime Environment to continue.
# Native memory allocation (mmap) failed to map 134217728 bytes for G1 virtual space
# Possible reasons:
#   The system is out of physical RAM or swap space
#   The process is running with CompressedOops enabled, and the Java Heap may be blocking the growth of the native heap
# Possible solutions:
#   Reduce memory load on the system
#   Increase physical memory or swap space
#   Check if swap backing store is full
#   Decrease Java heap size (-Xmx/-Xms)
#   Decrease number of Java threads
#   Decrease Java thread stack sizes (-Xss)
#   Set larger code cache with -XX:ReservedCodeCacheSize=
#   JVM is running with Unscaled Compressed Oops mode in which the Java heap is
#     placed in the first 4GB address space. The Java Heap base address is the
#     maximum limit for the native heap growth. Please use -XX:HeapBaseMinAddress
#     to set the Java Heap base and to place the Java Heap above 4GB virtual address.
# This output file may be truncated or incomplete.
#
#  Out of Memory Error (os_windows.cpp:3541), pid=14084, tid=14920
#
# JRE version:  (17.0.5+9) (build )
# Java VM: Java HotSpot(TM) 64-Bit Server VM (17.0.5+9-LTS-191, mixed mode, sharing, tiered, compressed oops, compressed class ptrs, g1 gc, windows-amd64)
# No core dump will be written. Minidumps are not enabled by default on client versions of Windows
#

---------------  S U M M A R Y ------------

Command Line: -Dfile.encoding=UTF-8 --module-path=C:\Users\om\OneDrive\Documents\NetBeansProjects\Banking Management System\build\classes banking.management.system.Transactions

Host: Intel(R) Core(TM) i5-8265U CPU @ 1.60GHz, 8 cores, 7G,  Windows 10 , 64 bit Build 19041 (10.0.19041.1889)
Time: Thu Nov  3 01:54:05 2022 India Standard Time elapsed time: 0.015501 seconds (0d 0h 0m 0s)

---------------  T H R E A D  ---------------

Current thread (0x00000209a0c9af60):  JavaThread "Unknown thread" [_thread_in_vm, id=14920, stack(0x0000003e99300000,0x0000003e99400000)]

Stack: [0x0000003e99300000,0x0000003e99400000]
Native frames: (J=compiled Java code, j=interpreted, Vv=VM code, C=native code)
V  [jvm.dll+0x672eea]
V  [jvm.dll+0x7d2a04]
V  [jvm.dll+0x7d41ae]
V  [jvm.dll+0x7d4813]
V  [jvm.dll+0x242c15]
V  [jvm.dll+0x66fe09]
V  [jvm.dll+0x664682]
V  [jvm.dll+0x300e8b]
V  [jvm.dll+0x308426]
V  [jvm.dll+0x357ffe]
V  [jvm.dll+0x35822f]
V  [jvm.dll+0x2d80a8]
V  [jvm.dll+0x2d9014]
V  [jvm.dll+0x7a44e1]
V  [jvm.dll+0x365df1]
V  [jvm.dll+0x7838fc]
V  [jvm.dll+0x3e873f]
V  [jvm.dll+0x3ea1e1]
C  [jli.dll+0x527b]
C  [ucrtbase.dll+0x21bb2]
C  [KERNEL32.DLL+0x17034]
C  [ntdll.dll+0x526a1]


---------------  P R O C E S S  ---------------

Threads class SMR info:
_java_thread_list=0x00007ffc677aa8d8, length=0, elements={
}

Java Threads: ( => current thread )

Other Threads:
  0x00000209a0cf3cf0 GCTaskThread "GC Thread#0" [stack: 0x0000003e99400000,0x0000003e99500000] [id=14108]
  0x00000209a0d048b0 ConcurrentGCThread "G1 Main Marker" [stack: 0x0000003e99500000,0x0000003e99600000] [id=15572]
  0x00000209a0d07a80 ConcurrentGCThread "G1 Conc#0" [stack: 0x0000003e99600000,0x0000003e99700000] [id=2580]

[error occurred during error reporting (printing all threads), id 0xc0000005, EXCEPTION_ACCESS_VIOLATION (0xc0000005) at pc=0x00007ffc66ff8a97]

VM state: not at safepoint (not fully initialized)

VM Mutex/Monitor currently owned by a thread:  ([mutex/lock_event])
[0x00000209a0c96cc0] Heap_lock - owner thread: 0x00000209a0c9af60

Heap address: 0x0000000081c00000, size: 2020 MB, Compressed Oops mode: 32-bit

CDS archive(s) mapped at: [0x0000000000000000-0x0000000000000000-0x0000000000000000), size 0, SharedBaseAddress: 0x0000000800000000, ArchiveRelocationMode: 0.
Narrow klass base: 0x0000000000000000, Narrow klass shift: 0, Narrow klass range: 0x0

GC Precious Log:
<Empty>

Heap:
 garbage-first heap   total 0K, used 0K [0x0000000081c00000, 0x0000000100000000)
  region size 1024K, 0 young (0K), 0 survivors (0K)

[error occurred during error reporting (printing heap information), id 0xc0000005, EXCEPTION_ACCESS_VIOLATION (0xc0000005) at pc=0x00007ffc673dc399]

GC Heap History (0 events):
No events

Deoptimization events (0 events):
No events

Classes unloaded (0 events):
No events

Classes redefined (0 events):
No events

Internal exceptions (0 events):
No events

VM Operations (0 events):
No events

Events (1 events):
Event: 0.009 Loaded shared library C:\Program Files\Java\jdk-17.0.5\bin\java.dll


Dynamic libraries:
0x00007ff6b8620000 - 0x00007ff6b8630000 	C:\Program Files\Java\jdk-17.0.5\bin\java.exe
0x00007ffca7530000 - 0x00007ffca7728000 	C:\Windows\SYSTEM32\ntdll.dll
0x00007ffca69e0000 - 0x00007ffca6a9d000 	C:\Windows\System32\KERNEL32.DLL
0x00007ffca4ed0000 - 0x00007ffca51a2000 	C:\Windows\System32\KERNELBASE.dll
0x00007ffca51b0000 - 0x00007ffca52b0000 	C:\Windows\System32\ucrtbase.dll
0x00007ffc89fb0000 - 0x00007ffc89fca000 	C:\Program Files\Java\jdk-17.0.5\bin\VCRUNTIME140.dll
0x00007ffc9d980000 - 0x00007ffc9d998000 	C:\Program Files\Java\jdk-17.0.5\bin\jli.dll
0x00007ffca7380000 - 0x00007ffca742e000 	C:\Windows\System32\ADVAPI32.dll
0x00007ffca6d80000 - 0x00007ffca6e1e000 	C:\Windows\System32\msvcrt.dll
0x00007ffca6170000 - 0x00007ffca620c000 	C:\Windows\System32\sechost.dll
0x00007ffca6b10000 - 0x00007ffca6c35000 	C:\Windows\System32\RPCRT4.dll
0x00007ffca58a0000 - 0x00007ffca5a3d000 	C:\Windows\System32\USER32.dll
0x00007ffca4140000 - 0x00007ffca43da000 	C:\Windows\WinSxS\amd64_microsoft.windows.common-controls_6595b64144ccf1df_6.0.19041.1110_none_60b5254171f9507e\COMCTL32.dll
0x00007ffca5db0000 - 0x00007ffca5ddb000 	C:\Windows\System32\GDI32.dll
0x00007ffca4ea0000 - 0x00007ffca4ec2000 	C:\Windows\System32\win32u.dll
0x00007ffca5450000 - 0x00007ffca555f000 	C:\Windows\System32\gdi32full.dll
0x00007ffc9d240000 - 0x00007ffc9d24a000 	C:\Windows\SYSTEM32\VERSION.dll
0x00007ffca5320000 - 0x00007ffca53bd000 	C:\Windows\System32\msvcp_win.dll
0x00007ffca7350000 - 0x00007ffca7380000 	C:\Windows\System32\IMM32.DLL
0x00007ffc8b7b0000 - 0x00007ffc8b7bc000 	C:\Program Files\Java\jdk-17.0.5\bin\vcruntime140_1.dll
0x00007ffc66a10000 - 0x00007ffc66a9d000 	C:\Program Files\Java\jdk-17.0.5\bin\msvcp140.dll
0x00007ffc66d10000 - 0x00007ffc678d2000 	C:\Program Files\Java\jdk-17.0.5\bin\server\jvm.dll
0x00007ffca7430000 - 0x00007ffca7438000 	C:\Windows\System32\PSAPI.DLL
0x00007ffc8bb80000 - 0x00007ffc8bb89000 	C:\Windows\SYSTEM32\WSOCK32.dll
0x00007ffc87a90000 - 0x00007ffc87ab7000 	C:\Windows\SYSTEM32\WINMM.dll
0x00007ffca6aa0000 - 0x00007ffca6b0b000 	C:\Windows\System32\WS2_32.dll
0x00007ffca2680000 - 0x00007ffca2692000 	C:\Windows\SYSTEM32\kernel.appcore.dll
0x00007ffc8ab00000 - 0x00007ffc8ab0a000 	C:\Program Files\Java\jdk-17.0.5\bin\jimage.dll
0x00007ffca45f0000 - 0x00007ffca47d4000 	C:\Windows\SYSTEM32\DBGHELP.DLL
0x00007ffca45c0000 - 0x00007ffca45ec000 	C:\Windows\SYSTEM32\dbgcore.DLL
0x00007ffca53c0000 - 0x00007ffca5442000 	C:\Windows\System32\bcryptPrimitives.dll
0x00007ffc7f510000 - 0x00007ffc7f535000 	C:\Program Files\Java\jdk-17.0.5\bin\java.dll

dbghelp: loaded successfully - version: 4.0.5 - missing functions: none
symbol engine: initialized successfully - sym options: 0x614 - pdb path: .;C:\Program Files\Java\jdk-17.0.5\bin;C:\Windows\SYSTEM32;C:\Windows\WinSxS\amd64_microsoft.windows.common-controls_6595b64144ccf1df_6.0.19041.1110_none_60b5254171f9507e;C:\Program Files\Java\jdk-17.0.5\bin\server

VM Arguments:
jvm_args: -Dfile.encoding=UTF-8 --module-path=C:\Users\om\OneDrive\Documents\NetBeansProjects\Banking Management System\build\classes 
java_command: banking.management.system.Transactions
java_class_path (initial): C:\Users\om\Downloads\jcalendar-tz-1.3.3-4.jar;C:\Users\om\Downloads\mysql-connector-java-8.0.28.jar;C:\Users\om\OneDrive\Documents\NetBeansProjects\Banking Management System\build\classes
Launcher Type: SUN_STANDARD

[Global flags]
     intx CICompilerCount                          = 4                                         {product} {ergonomic}
     uint ConcGCThreads                            = 2                                         {product} {ergonomic}
     uint G1ConcRefinementThreads                  = 8                                         {product} {ergonomic}
   size_t G1HeapRegionSize                         = 1048576                                   {product} {ergonomic}
    uintx GCDrainStackTargetSize                   = 64                                        {product} {ergonomic}
   size_t InitialHeapSize                          = 134217728                                 {product} {ergonomic}
   size_t MarkStackSize                            = 4194304                                   {product} {ergonomic}
   size_t MaxHeapSize                              = 2118123520                                {product} {ergonomic}
   size_t MinHeapDeltaBytes                        = 1048576                                   {product} {ergonomic}
   size_t MinHeapSize                              = 8388608                                   {product} {ergonomic}
    uintx NonNMethodCodeHeapSize                   = 5839372                                {pd product} {ergonomic}
    uintx NonProfiledCodeHeapSize                  = 122909434                              {pd product} {ergonomic}
    uintx ProfiledCodeHeapSize                     = 122909434                              {pd product} {ergonomic}
    uintx ReservedCodeCacheSize                    = 251658240                              {pd product} {ergonomic}
     bool SegmentedCodeCache                       = true                                      {product} {ergonomic}
   size_t SoftMaxHeapSize                          = 2118123520                             {manageable} {ergonomic}
     bool UseCompressedClassPointers               = true                           {product lp64_product} {ergonomic}
     bool UseCompressedOops                        = true                           {product lp64_product} {ergonomic}
     bool UseG1GC                                  = true                                      {product} {ergonomic}
     bool UseLargePagesIndividualAllocation        = false                                  {pd product} {ergonomic}

Logging:
Log output configuration:
 #0: stdout all=warning uptime,level,tags
 #1: stderr all=off uptime,level,tags

Environment Variables:
PATH=C:\Program Files\Common Files\Oracle\Java\javapath;C:\Windows\system32;C:\Windows;C:\Windows\System32\Wbem;C:\Windows\System32\WindowsPowerShell\v1.0\;C:\Windows\System32\OpenSSH\;D:\Node\;C:\Program Files\Git\cmd;C:\Program Files\MySQL\MySQL Shell 8.0\bin\;C:\Users\om\AppData\Local\Microsoft\WindowsApps;C:\Users\om\AppData\Local\Programs\Microsoft VS Code\bin;D:\mingw-w64\i686-8.1.0-posix-dwarf-rt_v6-rev0\mingw32\bin;C:\Program Files\nodejs;D:\flutter\bin;C:\Users\om\AppData\Roaming\npm;D:\Node;D:\jdk-18.0.2.1\bin;C:\Program Files\Java\jdk-17.0.5\bin;
USERNAME=om
OS=Windows_NT
PROCESSOR_IDENTIFIER=Intel64 Family 6 Model 142 Stepping 12, GenuineIntel



---------------  S Y S T E M  ---------------

OS:
 Windows 10 , 64 bit Build 19041 (10.0.19041.1889)
OS uptime: 0 days 10:08 hours

CPU: total 8 (initial active 8) (4 cores per cpu, 2 threads per core) family 6 model 142 stepping 12 microcode 0xde, cx8, cmov, fxsr, ht, mmx, 3dnowpref, sse, sse2, sse3, ssse3, sse4.1, sse4.2, popcnt, lzcnt, tsc, tscinvbit, avx, avx2, aes, erms, clmul, bmi1, bmi2, adx, fma, vzeroupper, clflush, clflushopt

Memory: 4k page, system-wide physical 8078M (1920M free)
TotalPageFile size 15578M (AvailPageFile size 63M)
current process WorkingSet (physical memory assigned to process): 10M, peak: 10M
current process commit charge ("private bytes"): 60M, peak: 188M

vm_info: Java HotSpot(TM) 64-Bit Server VM (17.0.5+9-LTS-191) for windows-amd64 JRE (17.0.5+9-LTS-191), built on Sep 13 2022 17:31:43 by "mach5one" with MS VC++ 16.8 / 16.9 (VS2019)

END.
